<?xml version="1.0" encoding="UTF-8"?>
<!-- Generated by org.testng.reporters.JUnitXMLReporter -->
<testsuite hostname="MacBook-Pro-Kirill.local" ignored="0" tests="1" failures="1" timestamp="15 Apr 2018 21:51:07 GMT" time="0.084" errors="0">
  <testcase name="verifySum" time="0.013" classname="ParametersTest">
    <failure type="java.lang.AssertionError" message="expected [15] but found [9]">
      <![CDATA[java.lang.AssertionError: expected [15] but found [9]
at ParametersTest.verifySum(ParametersTest.java:14)
... Removed 35 stack frames]]>
    </failure>
  </testcase> <!-- verifySum -->
</testsuite>
